2025-12-01 17:18:32,365 INFO  Logger.cs: 70 - 
--------------------------------------------------------------------------------
2025-12-01 17:18:32,403 INFO  Logger.cs: 71 - Logging commencing for SW2URDF exporter
2025-12-01 17:18:32,403 INFO  Logger.cs: 73 - Commit version 1.6.0-4-g7f85cfe
2025-12-01 17:18:32,403 INFO  Logger.cs: 74 - Build version 1.6.7995.38578
2025-12-01 17:18:32,420 INFO  SwAddin.cs: 192 - Attempting to connect to SW
2025-12-01 17:18:32,420 INFO  SwAddin.cs: 197 - Setting up callbacks
2025-12-01 17:18:32,421 INFO  SwAddin.cs: 201 - Setting up command manager
2025-12-01 17:18:32,421 INFO  SwAddin.cs: 204 - Adding command manager
2025-12-01 17:18:32,426 INFO  SwAddin.cs: 263 - Adding Assembly export to file menu
2025-12-01 17:18:32,426 INFO  SwAddin.cs: 272 - Adding Part export to file menu
2025-12-01 17:18:32,426 INFO  SwAddin.cs: 210 - Adding event handlers
2025-12-01 17:18:32,513 INFO  SwAddin.cs: 217 - Connecting plugin to SolidWorks
2025-12-01 17:19:58,875 INFO  SwAddin.cs: 351 - Part export called
2025-12-01 17:19:58,909 INFO  ExportHelperExtension.cs: 1125 - Retrieving features of type [CoordSys] from robot_project_hole
2025-12-01 17:19:58,926 INFO  ExportHelperExtension.cs: 1136 - Found 28 in robot_project_hole
2025-12-01 17:19:58,926 INFO  ExportHelperExtension.cs: 1145 - Found 0 features of type [CoordSys] in robot_project_hole
2025-12-01 17:19:58,926 INFO  ExportHelperExtension.cs: 1125 - Retrieving features of type [RefAxis] from robot_project_hole
2025-12-01 17:19:58,927 INFO  ExportHelperExtension.cs: 1136 - Found 28 in robot_project_hole
2025-12-01 17:19:58,927 INFO  ExportHelperExtension.cs: 1145 - Found 0 features of type [RefAxis] in robot_project_hole
2025-12-01 17:19:58,927 INFO  SwAddin.cs: 367 - Showing part
2025-12-01 17:20:37,326 INFO  SwAddin.cs: 294 - Assembly export called for file project_hole
2025-12-01 17:20:38,246 INFO  SwAddin.cs: 313 - Saving assembly
2025-12-01 17:20:38,293 INFO  SwAddin.cs: 316 - Opening property manager
2025-12-01 17:20:38,295 INFO  ExportHelperExtension.cs: 1125 - Retrieving features of type [CoordSys] from project_hole
2025-12-01 17:20:38,296 INFO  ExportHelperExtension.cs: 1136 - Found 23 in project_hole
2025-12-01 17:20:38,296 INFO  ExportHelperExtension.cs: 1145 - Found 0 features of type [CoordSys] in project_hole
2025-12-01 17:20:38,296 INFO  ExportHelperExtension.cs: 1148 - Proceeding through assembly components
2025-12-01 17:20:38,297 INFO  ExportHelperExtension.cs: 1160 - 1 components to check
2025-12-01 17:20:38,299 INFO  ExportHelperExtension.cs: 1125 - Retrieving features of type [CoordSys] from robot_project_hole-1
2025-12-01 17:20:38,299 INFO  ExportHelperExtension.cs: 1136 - Found 28 in robot_project_hole-1
2025-12-01 17:20:38,299 INFO  ExportHelperExtension.cs: 1145 - Found 0 features of type [CoordSys] in robot_project_hole-1
2025-12-01 17:20:38,299 INFO  ExportHelperExtension.cs: 1125 - Retrieving features of type [RefAxis] from project_hole
2025-12-01 17:20:38,299 INFO  ExportHelperExtension.cs: 1136 - Found 23 in project_hole
2025-12-01 17:20:38,300 INFO  ExportHelperExtension.cs: 1145 - Found 0 features of type [RefAxis] in project_hole
2025-12-01 17:20:38,300 INFO  ExportHelperExtension.cs: 1148 - Proceeding through assembly components
2025-12-01 17:20:38,300 INFO  ExportHelperExtension.cs: 1160 - 1 components to check
2025-12-01 17:20:38,300 INFO  ExportHelperExtension.cs: 1125 - Retrieving features of type [RefAxis] from robot_project_hole-1
2025-12-01 17:20:38,300 INFO  ExportHelperExtension.cs: 1136 - Found 28 in robot_project_hole-1
2025-12-01 17:20:38,300 INFO  ExportHelperExtension.cs: 1145 - Found 0 features of type [RefAxis] in robot_project_hole-1
2025-12-01 17:20:38,391 INFO  SwAddin.cs: 339 - Loading config tree
2025-12-01 17:20:38,393 INFO  ExportPropertyManagerExtension.cs: 520 - Starting new configuration
2025-12-01 17:20:38,394 INFO  SwAddin.cs: 344 - Showing property manager
2025-12-01 17:21:36,832 INFO  ExportPropertyManager.cs: 422 - Configuration saved
2025-12-01 17:21:37,549 INFO  ExportHelperExtension.cs: 1125 - Retrieving features of type [CoordSys] from project_hole
2025-12-01 17:21:37,552 INFO  ExportHelperExtension.cs: 1136 - Found 26 in project_hole
2025-12-01 17:21:37,552 INFO  ExportHelperExtension.cs: 1145 - Found 1 features of type [CoordSys] in project_hole
2025-12-01 17:21:37,553 INFO  ExportHelperExtension.cs: 1148 - Proceeding through assembly components
2025-12-01 17:21:37,553 INFO  ExportHelperExtension.cs: 1160 - 1 components to check
2025-12-01 17:21:37,553 INFO  ExportHelperExtension.cs: 1125 - Retrieving features of type [CoordSys] from robot_project_hole-1
2025-12-01 17:21:37,553 INFO  ExportHelperExtension.cs: 1136 - Found 28 in robot_project_hole-1
2025-12-01 17:21:37,553 INFO  ExportHelperExtension.cs: 1145 - Found 0 features of type [CoordSys] in robot_project_hole-1
2025-12-01 17:21:37,553 INFO  ExportHelperExtension.cs: 1125 - Retrieving features of type [RefAxis] from project_hole
2025-12-01 17:21:37,554 INFO  ExportHelperExtension.cs: 1136 - Found 26 in project_hole
2025-12-01 17:21:37,554 INFO  ExportHelperExtension.cs: 1145 - Found 0 features of type [RefAxis] in project_hole
2025-12-01 17:21:37,554 INFO  ExportHelperExtension.cs: 1148 - Proceeding through assembly components
2025-12-01 17:21:37,554 INFO  ExportHelperExtension.cs: 1160 - 1 components to check
2025-12-01 17:21:37,554 INFO  ExportHelperExtension.cs: 1125 - Retrieving features of type [RefAxis] from robot_project_hole-1
2025-12-01 17:21:37,554 INFO  ExportHelperExtension.cs: 1136 - Found 28 in robot_project_hole-1
2025-12-01 17:21:37,555 INFO  ExportHelperExtension.cs: 1145 - Found 0 features of type [RefAxis] in robot_project_hole-1
2025-12-01 17:21:37,574 INFO  ExportPropertyManager.cs: 1142 - AfterClose called. This method no longer throws an Exception. It just silently does nothing. Ok, except for this logging message
2025-12-01 17:21:45,633 INFO  AssemblyExportForm.cs: 253 - Completing URDF export
2025-12-01 17:21:45,645 INFO  ConfigurationSerialization.cs: 276 - URDF Configuration found
<Link z:Id="i1" xmlns="http://schemas.datacontract.org/2004/07/SW2URDF" xmlns:i="http://www.w3.org/2001/XMLSchema-instance" xmlns:z="http://schemas.microsoft.com/2003/10/Serialization/"><Attributes><Attribute z:Id="i2"><AttributeType>name</AttributeType><IsRequired>true</IsRequired><Value i:type="a:string" xmlns:a="http://www.w3.org/2001/XMLSchema">base_link</Value></Attribute></Attributes><ChildElements><URDFElement z:Id="i3" i:type="Inertial"><Attributes/><ChildElements><URDFElement z:Id="i4" i:type="Origin"><Attributes><Attribute z:Id="i5"><AttributeType>xyz</AttributeType><IsRequired>true</IsRequired><Value i:type="a:ArrayOfdouble" xmlns:a="http://schemas.microsoft.com/2003/10/Serialization/Arrays"><a:double>0</a:double><a:double>0</a:double><a:double>0</a:double></Value></Attribute><Attribute z:Id="i6"><AttributeType>rpy</AttributeType><IsRequired>true</IsRequired><Value i:type="a:ArrayOfdouble" xmlns:a="http://schemas.microsoft.com/2003/10/Serialization/Arrays"><a:double>0</a:double><a:double>0</a:double><a:double>0</a:double></Value></Attribute></Attributes><ChildElements/><ElementName>origin</ElementName><required>false</required><RPYAttribute z:Ref="i6"/><XYZAttribute z:Ref="i5"/><isCustomized>false</isCustomized></URDFElement><URDFElement z:Id="i7" i:type="Mass"><Attributes><Attribute z:Id="i8"><AttributeType>value</AttributeType><IsRequired>true</IsRequired><Value i:type="a:double" xmlns:a="http://www.w3.org/2001/XMLSchema">0</Value></Attribute></Attributes><ChildElements/><ElementName>mass</ElementName><required>false</required><ValueAttribute z:Ref="i8"/></URDFElement><URDFElement z:Id="i9" i:type="Inertia"><Attributes><Attribute z:Id="i10"><AttributeType>ixx</AttributeType><IsRequired>true</IsRequired><Value i:type="a:double" xmlns:a="http://www.w3.org/2001/XMLSchema">0</Value></Attribute><Attribute z:Id="i11"><AttributeType>ixy</AttributeType><IsRequired>true</IsRequired><Value i:type="a:double" xmlns:a="http://www.w3.org/2001/XMLSchema">0</Value></Attribute><Attribute z:Id="i12"><AttributeType>ixz</AttributeType><IsRequired>true</IsRequired><Value i:type="a:double" xmlns:a="http://www.w3.org/2001/XMLSchema">0</Value></Attribute><Attribute z:Id="i13"><AttributeType>iyy</AttributeType><IsRequired>true</IsRequired><Value i:type="a:double" xmlns:a="http://www.w3.org/2001/XMLSchema">0</Value></Attribute><Attribute z:Id="i14"><AttributeType>iyz</AttributeType><IsRequired>true</IsRequired><Value i:type="a:double" xmlns:a="http://www.w3.org/2001/XMLSchema">0</Value></Attribute><Attribute z:Id="i15"><AttributeType>izz</AttributeType><IsRequired>true</IsRequired><Value i:type="a:double" xmlns:a="http://www.w3.org/2001/XMLSchema">0</Value></Attribute></Attributes><ChildElements/><ElementName>inertia</ElementName><required>false</required><IxxAttribute z:Ref="i10"/><IxyAttribute z:Ref="i11"/><IxzAttribute z:Ref="i12"/><IyyAttribute z:Ref="i13"/><IyzAttribute z:Ref="i14"/><IzzAttribute z:Ref="i15"/></URDFElement></ChildElements><ElementName>inertial</ElementName><required>false</required><Inertia z:Ref="i9"/><Mass z:Ref="i7"/><Origin z:Ref="i4"/></URDFElement><URDFElement z:Id="i16" i:type="Visual"><Attributes/><ChildElements><URDFElement z:Id="i17" i:type="Origin"><Attributes><Attribute z:Id="i18"><AttributeType>xyz</AttributeType><IsRequired>true</IsRequired><Value i:type="a:ArrayOfdouble" xmlns:a="http://schemas.microsoft.com/2003/10/Serialization/Arrays"><a:double>0</a:double><a:double>0</a:double><a:double>0</a:double></Value></Attribute><Attribute z:Id="i19"><AttributeType>rpy</AttributeType><IsRequired>true</IsRequired><Value i:type="a:ArrayOfdouble" xmlns:a="http://schemas.microsoft.com/2003/10/Serialization/Arrays"><a:double>0</a:double><a:double>0</a:double><a:double>0</a:double></Value></Attribute></Attributes><ChildElements/><ElementName>origin</ElementName><required>false</required><RPYAttribute z:Ref="i19"/><XYZAttribute z:Ref="i18"/><isCustomized>false</isCustomized></URDFElement><URDFElement z:Id="i20" i:type="Geometry"><Attributes/><ChildElements><URDFElement z:Id="i21" i:type="Mesh"><Attributes><Attribute z:Id="i22"><AttributeType>filename</AttributeType><IsRequired>true</IsRequired><Value i:nil="true"/></Attribute></Attributes><ChildElements/><ElementName>mesh</ElementName><required>false</required><FilenameAttribute z:Ref="i22"/></URDFElement></ChildElements><ElementName>geometry</ElementName><required>true</required><Mesh z:Ref="i21"/></URDFElement><URDFElement z:Id="i23" i:type="Material"><Attributes><Attribute z:Id="i24"><AttributeType>name</AttributeType><IsRequired>true</IsRequired><Value i:type="a:string" xmlns:a="http://www.w3.org/2001/XMLSchema"/></Attribute></Attributes><ChildElements><URDFElement z:Id="i25" i:type="Color"><Attributes><Attribute z:Id="i26"><AttributeType>rgba</AttributeType><IsRequired>true</IsRequired><Value i:type="a:ArrayOfdouble" xmlns:a="http://schemas.microsoft.com/2003/10/Serialization/Arrays"><a:double>1</a:double><a:double>1</a:double><a:double>1</a:double><a:double>1</a:double></Value></Attribute></Attributes><ChildElements/><ElementName>color</ElementName><required>false</required><RGBAAttribute z:Ref="i26"/></URDFElement><URDFElement z:Id="i27" i:type="Texture"><Attributes><Attribute z:Id="i28"><AttributeType>filename</AttributeType><IsRequired>true</IsRequired><Value i:nil="true"/></Attribute></Attributes><ChildElements/><ElementName>texture</ElementName><required>false</required><FilenameAttribute z:Ref="i28"/><wFilename/></URDFElement></ChildElements><ElementName>material</ElementName><required>false</required><Color z:Ref="i25"/><NameAttribute z:Ref="i24"/><Texture z:Ref="i27"/></URDFElement></ChildElements><ElementName>visual</ElementName><required>false</required><Geometry z:Ref="i20"/><Material z:Ref="i23"/><Origin z:Ref="i17"/></URDFElement><URDFElement z:Id="i29" i:type="Collision"><Attributes/><ChildElements><URDFElement z:Id="i30" i:type="Origin"><Attributes><Attribute z:Id="i31"><AttributeType>xyz</AttributeType><IsRequired>true</IsRequired><Value i:type="a:ArrayOfdouble" xmlns:a="http://schemas.microsoft.com/2003/10/Serialization/Arrays"><a:double>0</a:double><a:double>0</a:double><a:double>0</a:double></Value></Attribute><Attribute z:Id="i32"><AttributeType>rpy</AttributeType><IsRequired>true</IsRequired><Value i:type="a:ArrayOfdouble" xmlns:a="http://schemas.microsoft.com/2003/10/Serialization/Arrays"><a:double>0</a:double><a:double>0</a:double><a:double>0</a:double></Value></Attribute></Attributes><ChildElements/><ElementName>origin</ElementName><required>false</required><RPYAttribute z:Ref="i32"/><XYZAttribute z:Ref="i31"/><isCustomized>false</isCustomized></URDFElement><URDFElement z:Id="i33" i:type="Geometry"><Attributes/><ChildElements><URDFElement z:Id="i34" i:type="Mesh"><Attributes><Attribute z:Id="i35"><AttributeType>filename</AttributeType><IsRequired>true</IsRequired><Value i:nil="true"/></Attribute></Attributes><ChildElements/><ElementName>mesh</ElementName><required>false</required><FilenameAttribute z:Ref="i35"/></URDFElement></ChildElements><ElementName>geometry</ElementName><required>true</required><Mesh z:Ref="i34"/></URDFElement></ChildElements><ElementName>collision</ElementName><required>false</required><Geometry z:Ref="i33"/><Origin z:Ref="i30"/></URDFElement><URDFElement z:Id="i36" i:type="Joint"><Attributes><Attribute z:Id="i37"><AttributeType>name</AttributeType><IsRequired>true</IsRequired><Value i:type="a:string" xmlns:a="http://www.w3.org/2001/XMLSchema"/></Attribute><Attribute z:Id="i38"><AttributeType>type</AttributeType><IsRequired>true</IsRequired><Value i:type="a:string" xmlns:a="http://www.w3.org/2001/XMLSchema"/></Attribute></Attributes><ChildElements><URDFElement z:Id="i39" i:type="Origin"><Attributes><Attribute z:Id="i40"><AttributeType>xyz</AttributeType><IsRequired>true</IsRequired><Value i:type="a:ArrayOfdouble" xmlns:a="http://schemas.microsoft.com/2003/10/Serialization/Arrays"><a:double>0</a:double><a:double>0</a:double><a:double>0</a:double></Value></Attribute><Attribute z:Id="i41"><AttributeType>rpy</AttributeType><IsRequired>true</IsRequired><Value i:type="a:ArrayOfdouble" xmlns:a="http://schemas.microsoft.com/2003/10/Serialization/Arrays"><a:double>0</a:double><a:double>0</a:double><a:double>0</a:double></Value></Attribute></Attributes><ChildElements/><ElementName>origin</ElementName><required>false</required><RPYAttribute z:Ref="i41"/><XYZAttribute z:Ref="i40"/><isCustomized>false</isCustomized></URDFElement><URDFElement z:Id="i42" i:type="ParentLink"><Attributes><Attribute z:Id="i43"><AttributeType>link</AttributeType><IsRequired>true</IsRequired><Value i:type="a:string" xmlns:a="http://www.w3.org/2001/XMLSchema"/></Attribute></Attributes><ChildElements/><ElementName>parent</ElementName><required>true</required><NameAttribute z:Ref="i43"/></URDFElement><URDFElement z:Id="i44" i:type="ChildLink"><Attributes><Attribute z:Id="i45"><AttributeType>link</AttributeType><IsRequired>true</IsRequired><Value i:type="a:string" xmlns:a="http://www.w3.org/2001/XMLSchema"/></Attribute></Attributes><ChildElements/><ElementName>child</ElementName><required>true</required><NameAttribute z:Ref="i45"/></URDFElement><URDFElement z:Id="i46" i:type="Axis"><Attributes><Attribute z:Id="i47"><AttributeType>xyz</AttributeType><IsRequired>true</IsRequired><Value i:type="a:ArrayOfdouble" xmlns:a="http://schemas.microsoft.com/2003/10/Serialization/Arrays"><a:double>0</a:double><a:double>0</a:double><a:double>0</a:double></Value></Attribute></Attributes><ChildElements/><ElementName>axis</ElementName><required>false</required><XYZAttribute z:Ref="i47"/></URDFElement><URDFElement z:Id="i48" i:type="Limit"><Attributes><Attribute z:Id="i49"><AttributeType>lower</AttributeType><IsRequired>false</IsRequired><Value i:nil="true"/></Attribute><Attribute z:Id="i50"><AttributeType>upper</AttributeType><IsRequired>false</IsRequired><Value i:nil="true"/></Attribute><Attribute z:Id="i51"><AttributeType>effort</AttributeType><IsRequired>true</IsRequired><Value i:nil="true"/></Attribute><Attribute z:Id="i52"><AttributeType>velocity</AttributeType><IsRequired>true</IsRequired><Value i:nil="true"/></Attribute></Attributes><ChildElements/><ElementName>limit</ElementName><required>false</required><EffortAttribute z:Ref="i51"/><LowerAttribute z:Ref="i49"/><UpperAttribute z:Ref="i50"/><VelocityAttribute z:Ref="i52"/></URDFElement><URDFElement z:Id="i53" i:type="Calibration"><Attributes><Attribute z:Id="i54"><AttributeType>rising</AttributeType><IsRequired>false</IsRequired><Value i:nil="true"/></Attribute><Attribute z:Id="i55"><AttributeType>falling</AttributeType><IsRequired>false</IsRequired><Value i:nil="true"/></Attribute></Attributes><ChildElements/><ElementName>calibration</ElementName><required>false</required><FallingAttribute z:Ref="i55"/><RisingAttribute z:Ref="i54"/></URDFElement><URDFElement z:Id="i56" i:type="Dynamics"><Attributes><Attribute z:Id="i57"><AttributeType>damping</AttributeType><IsRequired>false</IsRequired><Value i:nil="true"/></Attribute><Attribute z:Id="i58"><AttributeType>friction</AttributeType><IsRequired>false</IsRequired><Value i:nil="true"/></Attribute></Attributes><ChildElements/><ElementName>dynamics</ElementName><required>false</required><DampingAttribute z:Ref="i57"/><FrictionAttribute z:Ref="i58"/></URDFElement><URDFElement z:Id="i59" i:type="SafetyController"><Attributes><Attribute z:Id="i60"><AttributeType>soft_upper_limit</AttributeType><IsRequired>false</IsRequired><Value i:nil="true"/></Attribute><Attribute z:Id="i61"><AttributeType>soft_lower_limit</AttributeType><IsRequired>false</IsRequired><Value i:nil="true"/></Attribute><Attribute z:Id="i62"><AttributeType>k_position</AttributeType><IsRequired>false</IsRequired><Value i:nil="true"/></Attribute><Attribute z:Id="i63"><AttributeType>k_velocity</AttributeType><IsRequired>true</IsRequired><Value i:nil="true"/></Attribute></Attributes><ChildElements/><ElementName>safety_controller</ElementName><required>false</required><KPositionAttribute z:Ref="i62"/><KVelocityAttribute z:Ref="i63"/><SoftLowerAttribute z:Ref="i61"/><SoftUpperAttribute z:Ref="i60"/></URDFElement><URDFElement z:Id="i64" i:type="Mimic"><Attributes><Attribute z:Id="i65"><AttributeType>joint</AttributeType><IsRequired>true</IsRequired><Value i:nil="true"/></Attribute><Attribute z:Id="i66"><AttributeType>multiplier</AttributeType><IsRequired>false</IsRequired><Value i:nil="true"/></Attribute><Attribute z:Id="i67"><AttributeType>offset</AttributeType><IsRequired>false</IsRequired><Value i:nil="true"/></Attribute></Attributes><ChildElements/><ElementName>mimic</ElementName><required>false</required><JointNameAttribute z:Ref="i65"/><MultiplierAttribute z:Ref="i66"/><OffsetAttribute z:Ref="i67"/></URDFElement></ChildElements><ElementName>joint</ElementName><required>false</required><Axis z:Ref="i46"/><AxisName/><Calibration z:Ref="i53"/><Child z:Ref="i44"/><CoordinateSystemName>Automatically Generate</CoordinateSystemName><Dynamics z:Ref="i56"/><Limit z:Ref="i48"/><Mimic z:Ref="i64"/><NameAttribute z:Ref="i37"/><Origin z:Ref="i39"/><Parent z:Ref="i42"/><Safety z:Ref="i59"/><TypeAttribute z:Ref="i38"/></URDFElement></ChildElements><ElementName>link</ElementName><required>true</required><Children/><Collision z:Ref="i29"/><Inertial z:Ref="i3"/><Joint z:Ref="i36"/><NameAttribute z:Ref="i2"/><Parent i:nil="true"/><STLQualityFine>false</STLQualityFine><SWComponentPIDs xmlns:a="http://schemas.microsoft.com/2003/10/Serialization/Arrays"><a:base64Binary>aEIAAAUAAAD//v8hcgBvAGIAbwB0AF8AcAByAG8AagBlAGMAdABfAGgAbwBsAGUALQAxAEAAcAByAG8AagBlAGMAdABfAGgAbwBsAGUABAAAABAAAAABAAAAAQAAABgAAAA=</a:base64Binary></SWComponentPIDs><SWMainComponentPID i:nil="true"/><Visual z:Ref="i16"/><isFixedFrame>false</isFixedFrame><isIncomplete>false</isIncomplete></Link>
2025-12-01 17:21:54,339 INFO  AssemblyExportForm.cs: 309 - Saving URDF package to C:\Users\owner\Downloads\project_hole
2025-12-01 17:21:54,340 INFO  ExportHelper.cs: 147 - Beginning the export process
2025-12-01 17:21:54,341 INFO  ExportHelper.cs: 153 - Creating package directories with name project_hole and save path C:\Users\owner\Downloads
2025-12-01 17:21:55,461 INFO  ExportHelper.cs: 162 - Creating CMakeLists.txt at C:\Users\owner\Downloads\project_hole\CMakeLists.txt
2025-12-01 17:21:55,463 INFO  ExportHelper.cs: 166 - Creating joint names config at C:\Users\owner\Downloads\project_hole\config\joint_names_project_hole.yaml
2025-12-01 17:21:55,464 INFO  ExportHelper.cs: 170 - Creating package.xml at C:\Users\owner\Downloads\project_hole\package.xml
2025-12-01 17:21:55,464 INFO  PackageXMLWriter.cs: 21 - Creating package.xml at C:\Users\owner\Downloads\project_hole\package.xml
2025-12-01 17:21:55,466 INFO  ExportHelper.cs: 177 - Creating RVIZ launch file in C:\Users\owner\Downloads\project_hole\launch\
2025-12-01 17:21:55,467 INFO  ExportHelper.cs: 182 - Creating Gazebo launch file in C:\Users\owner\Downloads\project_hole\launch\
2025-12-01 17:21:55,468 INFO  ExportHelper.cs: 187 - Saving existing STL preferences
2025-12-01 17:21:55,468 INFO  ExportHelper.cs: 450 - Saving users preferences
2025-12-01 17:21:55,469 INFO  ExportHelper.cs: 190 - Modifying STL preferences
2025-12-01 17:21:55,469 INFO  ExportHelper.cs: 464 - Setting STL preferences
2025-12-01 17:21:55,510 INFO  ExportHelper.cs: 196 - Found 0 hidden components 
2025-12-01 17:21:55,510 INFO  ExportHelper.cs: 197 - Hiding all components
2025-12-01 17:21:55,530 INFO  ExportHelper.cs: 204 - Beginning individual files export
2025-12-01 17:21:55,532 INFO  ExportHelper.cs: 270 - Exporting link: base_link
2025-12-01 17:21:55,532 INFO  ExportHelper.cs: 272 - Link base_link has 0 children
2025-12-01 17:21:55,532 INFO  ExportHelper.cs: 317 - base_link: Exporting STL with coordinate frame Origin_global
2025-12-01 17:21:55,533 INFO  ExportHelper.cs: 322 - base_link: Reference geometry name 
2025-12-01 17:21:55,545 INFO  ExportHelper.cs: 330 - Saving STL to C:\Users\owner\Downloads\project_hole\meshes\base_link.STL
2025-12-01 17:21:55,574 INFO  ExportHelper.cs: 405 - Removing SW header in STL file
2025-12-01 17:21:55,575 INFO  ExportHelper.cs: 145 - Showing all components except previously hidden components
2025-12-01 17:21:55,591 INFO  ExportHelper.cs: 145 - Resetting STL preferences
2025-12-01 17:21:55,591 INFO  ExportHelper.cs: 478 - Returning STL preferences to user preferences
2025-12-01 17:21:55,591 INFO  ExportHelper.cs: 228 - Writing URDF file to C:\Users\owner\Downloads\project_hole\urdf\project_hole.urdf
2025-12-01 17:21:55,649 INFO  CSVImportExport.cs: 32 - Writing CSV file C:\Users\owner\Downloads\project_hole\urdf\project_hole.csv
2025-12-01 17:21:55,661 ERROR CSVImportExport.cs: 130 - The following columns were not written to the CSV: Link.Joint.ChildLink.link,
2025-12-01 17:21:55,662 INFO  ExportHelper.cs: 234 - Copying log file
2025-12-01 17:21:55,664 INFO  ExportHelper.cs: 439 - Copying C:\Users\owner\sw2urdf_logs\sw2urdf.log to C:\Users\owner\Downloads\project_hole\export.log
